160
4 97 93 35 28
4 252 197 196 190
4 420 369 333 286
4 33 12 441 423
4 326 300 165 47
4 21 14 1 482
4 306 299 279 256
4 421 330 322 315
4 86 17 7 454
4 334 212 189 154
4 492 414 358 352
4 73 72 64 11
4 158 156 141 120
4 266 213 182 170
4 410 337 319 301
4 495 484 462 443
4 52 48 38 0
4 155 113 111 108
4 234 221 210 166
4 310 298 264 261
4 376 371 350 329
4 452 451 448 434
4 5 486 475 463
4 34 20 19 15
4 175 147 61 60
4 199 193 187 181
4 236 231 219 208
4 271 258 249 240
4 292 288 277 273
4 356 324 320 311
4 387 385 367 360
4 419 409 405 396
4 445 439 433 430
4 499 498 473 455
4 10 8 6 3
4 24 23 18 13
4 71 65 55 31
4 99 91 90 89
4 123 121 117 105
4 162 159 149 139
4 188 180 177 163
4 214 203 201 192
4 235 230 225 218
4 276 268 263 242
4 302 294 283 278
4 348 345 336 328
4 364 362 353 351
4 391 388 384 375
4 399 397 394 392
4 412 407 403 400
4 429 427 424 422
4 442 438 437 431
4 459 449 447 444
4 497 474 472 467
4 26 25 22 16
4 36 32 29 27
4 45 44 41 40
4 56 54 50 46
4 70 69 66 59
4 80 79 78 76
3 95 92 81
3 104 101 100
3 109 107 106
3 115 114 112
3 124 119 116
3 132 129 128
3 148 138 136
3 152 151 144
3 164 160 153
3 185 174 172
3 198 195 186
3 207 204 200
3 233 226 217
3 245 244 237
3 254 251 247
3 269 267 259
3 282 280 274
3 295 289 284
3 307 304 285
3 339 332 325
3 359 347 341
3 365 363 361
3 377 373 372
3 390 379 378
3 411 401 395
3 446 432 425
3 460 453 450
3 490 468 461
3 4 2 494
3 37 30 9
3 43 42 39
3 53 51 49
3 62 58 57
3 68 67 63
3 77 75 74
3 84 83 82
3 88 87 85
3 98 96 94
3 110 103 102
3 125 122 118
3 130 127 126
3 134 133 131
3 140 137 135
3 145 143 142
3 157 150 146
3 168 167 161
3 173 171 169
3 179 178 176
3 191 184 183
3 205 202 194
3 211 209 206
3 220 216 215
3 227 223 222
3 229 228 224
3 239 238 232
3 246 243 241
3 253 250 248
3 260 257 255
3 270 265 262
3 281 275 272
2 290 287
2 296 291
2 303 293
2 305 297
2 312 309
2 316 313
2 318 317
2 323 314
2 321 308
2 331 327
2 338 335
2 342 340
2 346 344
2 349 343
2 355 354
2 370 357
2 368 366
2 382 381
2 380 374
2 393 386
2 389 383
2 402 398
2 406 404
2 415 408
2 416 413
2 428 418
2 426 417
2 456 435
2 440 436
2 458 457
2 465 464
2 469 466
2 471 470
2 477 476
2 480 479
2 481 478
2 485 483
2 491 487
2 489 488
2 496 493
