1628
4 6404 8148 5121 5357
4 5583 5913 2589 421
4 3629 8785 9906 6255
4 3987 1737 7710 6584
4 4386 2094 5231 7529
4 8197 6735 9487 5796
4 998 8754 2584 1756
4 6312 2861 6655 2395
4 7704 7569 7923 59
4 7444 6632 9612 5515
4 2489 8452 7262 8873
4 8407 398 5905 7796
4 6459 604 1729 820
4 7064 7549 1248 9004
4 8733 8603 5886 4848
4 9529 9354 8437 8189
4 4449 1524 9213 6839
4 9483 5744 4574 4318
4 4233 3904 6823 4100
4 5416 8479 7108 3626
4 6476 2545 1287 9620
4 1396 3697 4004 9383
4 370 4041 5427 9131
4 3015 847 2061 973
4 9247 4863 4644 2155
4 4631 3135 6668 7792
4 2752 9618 1492 2222
4 2843 2687 7168 5363
4 2117 453 44 5570
4 461 7100 1561 8284
4 1423 9765 8775 3505
4 8287 2932 4036 3295
4 8854 8004 6640 1385
4 3715 8591 5616 3273
4 6639 5918 2096 2345
4 1556 3420 674 9813
4 2331 666 7936 5090
4 2598 5251 4695 2935
4 9959 1677 6762 3825
4 6756 4147 1114 1081
4 8689 8384 5592 5001
4 7525 6196 1388 8119
4 683 5989 864 9818
4 3942 6613 4106 948
4 8320 8911 9888 5526
4 5211 5083 4473 4194
4 7369 5052 3149 9128
4 2819 2459 936 8585
4 2968 132 8777 7515
4 3484 2246 7819 4670
4 7863 876 962 7577
4 7939 2723 8814 8240
4 9256 8837 752 7368
4 8392 110 8991 3457
4 7950 7290 7208 3176
4 7101 2728 2196 371
4 2212 281 8636 684
4 5791 9267 8641 4808
4 5602 6240 2499 63
4 3656 2475 714 9614
4 2064 1101 7259 4090
4 9894 5651 4916 9019
4 839 7834 3678 1013
4 3765 3024 2548 1491
4 7198 6170 7945 5048
4 1071 1004 4961 4405
4 4685 9965 5945 1115
4 3302 2124 1233 7937
4 8152 3795 3272 4579
4 2141 384 5042 9986
4 9295 7104 6677 3647
4 7927 2070 2008 1734
4 7135 6782 5101 4702
4 1707 6495 5773 854
4 336 8058 4430 2115
4 4957 2080 1214 1164
4 443 7540 7201 5046
4 4917 4788 2922 2558
4 1341 8639 7409 5214
4 5653 3499 8063 7896
4 6702 976 49 7825
4 1830 1146 7961 7202
4 9307 6381 4964 4886
4 7313 6176 4509 3463
4 4983 82 818 9568
4 8612 6107 5295 3792
4 7757 7595 5772 3047
4 4874 4135 3940 3607
4 2228 3096 2727 5982
4 9305 8338 5713 2274
4 636 6252 3896 2964
4 1210 3566 3228 1353
4 8485 7136 4322 3309
4 7305 5310 887 8608
4 6168 4240 3293 1851
4 4925 4406 71 7543
4 9433 8322 7516 6550
4 8745 6935 1203 1988
4 1671 9866 7551 9129
4 7145 5625 1955 4940
4 4185 1812 7 9795
4 4141 3437 8116 9527
4 5219 4131 47 5383
4 1450 1322 594 7579
4 8465 7326 3114 2456
4 2259 4167 9552 8851
4 9 7359 4637 4235
4 1094 766 3142 3042
4 4655 1742 7231 1713
4 3686 1934 5652 5006
4 532 9690 9539 7583
4 4074 2962 5873 2686
4 9525 7715 5494 4561
4 9263 8803 4657 3844
4 8553 3072 2481 727
4 4847 1895 1050 723
4 6129 4475 4112 7083
4 4102 3357 2759 6957
4 9235 8387 8250 7447
4 2982 62 9917 9532
4 2736 2293 7088 4374
4 3519 1946 8736 7196
4 213 3196 954 8332
4 8375 7648 7308 7032
4 9196 8010 4320 859
4 5163 2045 1591 9946
4 1724 1418 9063 6547
4 6882 5777 4076 2726
4 4619 3337 2342 2060
4 8193 7725 6611 5904
4 2652 1568 850 8767
4 992 9106 6178 3689
4 9119 5172 4402 2340
4 1433 8644 3155 2544
4 4995 4912 4638 4490
4 3170 2642 1621 9966
4 586 9747 6558 3672
4 3775 3648 2749 2085
4 5729 3757 201 120
4 3542 9576 9344 8626
4 6534 6038 5686 3781
4 7851 7494 7451 6913
4 4139 3257 2828 8601
4 774 8478 6571 7643
4 7148 6567 5931 4550
4 3889 2628 8397 8138
4 7814 7545 7464 5156
4 3593 2323 1763 403
4 676 328 9542 8186
4 4244 4150 2870 2862
4 3112 2795 9302 6134
4 6537 4058 3475 3376
4 2308 2300 18 7862
4 9713 9275 9151 8997
4 6927 6467 4959 58
4 9559 8865 8187 7079
4 2814 2213 2036 1383
4 5366 4044 5081 4390
4 8267 8242 8233 7316
4 3840 3708 3451 9900
4 8259 4480 8115 3869
4 6171 6147 5609 1711
4 8506 7703 7445 7166
4 2123 778 446 9528
4 8616 7673 5845 3842
4 8079 2305 1160 8849
4 11 9873 9320 9243
4 2160 1936 1839 1049
4 5540 3583 3526 2267
4 1136 654 245 8094
4 4837 3126 2313 2243
4 333 8430 8101 5096
4 6123 6050 2023 1552
4 1509 9605 8167 6359
4 7944 7267 5359 3913
4 4284 3950 2985 9514
4 8509 7726 5324 5136
4 4551 2944 687 9921
4 8036 7953 7385 5854
4 2282 373 9374 8286
4 6580 6300 4902 2920
4 1767 706 7008 6777
4 4498 3745 3106 2535
4 8367 7522 6842 5209
4 3618 1845 1231 9784
4 7466 6481 3899 3632
4 2674 1427 65 9289
4 9340 7922 3253 2817
4 8348 6060 5665 2203
4 4690 2718 177 9856
4 7026 6989 6985 5600
4 463 9722 9283 8701
4 593 9942 9732 7700
4 7756 5622 3002 2994
4 4151 3083 1359 8026
4 8346 7920 5919 4965
4 1096 780 9111 8563
4 4516 2941 2572 1996
4 8047 7050 6638 6582
4 1357 9691 8721 8697
4 7212 6313 3229 1817
4 6329 2619 9649 8834
4 1085 745 9252 8253
4 1336 522 9778 2364
4 4137 3485 2571 1372
4 9366 7209 5962 4951
4 2802 2009 717 103
4 6363 6316 4582 3356
4 251 9779 9443 8839
4 2112 1861 709 565
4 6602 6477 4352 4351
4 2647 67 9751 8477
4 5891 2351 6426 3368
4 3443 2905 8811 5909
4 9123 8199 7119 6994
4 257 6 9365 9154
4 4259 3089 1340 645
4 171 9124 7629 5793
4 5492 2536 1976 214
4 8751 8614 7981 7671
4 1787 1510 1202 332
4 6415 4884 3379 2095
4 1344 9585 9325 7330
4 4134 3496 2162 1701
4 7489 4477 4357 4293
4 9629 9546 8947 7911
4 3214 3062 60 9806
4 188 5593 5239 3308
4 4557 2957 1820 1001
4 8163 6666 5544 4867
4 9363 8923 8501 8200
4 1717 877 750 9968
4 8529 6914 5330 5149
4 9974 9930 9511 8835
4 5236 4222 1975 1740
4 6956 5733 5518 5244
4 1505 8779 8003 7934
4 6297 5991 5332 4711
4 321 7391 7057 6342
4 2776 1800 1564 1351
4 8651 7613 4977 4727
4 924 296 9545 8658
4 3730 2575 1883 1364
4 4331 3750 9166 7677
4 7439 7415 6188 4696
4 1965 1249 8431 8040
4 5529 4572 3120 2245
4 7344 7153 5970 5758
4 1747 1522 791 9962
4 8990 8915 7647 7210
4 3579 2509 9426 9419
4 5028 4717 4415 4161
4 8168 7699 5808 5131
4 3473 1743 9550 8449
4 6738 5835 5683 5488
4 96 8579 8056 7972
4 2043 1714 1061 767
4 5074 3655 2573 2265
4 7824 6616 6042 5728
4 9397 9341 9271 8418
4 1673 902 301 55
4 6627 6419 6273 3087
4 264 9569 8866 7250
4 2952 1523 1200 631
4 6144 5720 3845 3830
4 197 8607 8548 8470
4 1178 797 773 385
4 3834 3223 1889 1636
4 8625 7524 6742 4870
4 1508 9853 9626 9566
4 3306 3167 2809 2089
4 6309 6226 5553 5155
4 9572 8702 8487 6410
4 3137 2055 407 9797
4 6336 4960 4367 3978
4 9048 8659 8132 6377
4 4600 3905 1810 1476
4 7155 6192 5864 5375
4 8183 7748 7567 7436
4 2612 1948 730 9250
4 5610 4649 3673 3557
4 2486 1998 1228 278
4 4079 3870 3791 3271
4 9718 8671 6384 4524
4 4861 4200 4043 875
4 9952 9689 6769 6058
4 5308 3001 2353 283
4 8707 6747 6198 6028
4 9843 9746 9265 8940
4 3857 1912 1429 3
4 9871 7253 5476 3944
4 5170 2912 1483 85
4 8172 7302 6662 6010
4 2000 1140 432 9078
4 7443 7412 3997 3367
4 9507 8677 8297 8204
4 915 884 836 263
4 3278 1853 1587 1040
4 4706 4532 4527 4179
4 8453 7880 7118 6578
4 3028 2927 1720 9755
4 5207 5203 4607 4469
4 6981 6483 6146 6012
4 8683 8442 7103 7095
4 3728 3022 995 513
4 6110 5849 5803 3885
4 8670 7978 7696 6320
4 1224 634 464 9695
4 3508 2585 1821 1378
4 7618 7617 7319 6757
4 2877 1253 1037 8964
4 4617 4565 4474 3518
4 7603 7296 6370 4883
4 1681 1073 8929 8722
4 3736 3561 3037 1708
4 5197 5174 4307 3877
4 8750 7861 6498 6444
4 1526 1117 9908 8932
4 2939 1923 1684 1542
4 4786 3375 3362 3248
4 8692 7759 5785 4871
4 137 9464 9359 8895
4 1154 1152 1116 559
4 4038 2937 2627 1484
4 8524 7536 5902 4439
4 2488 1571 520 9599
4 8328 7870 4361 3892
4 5278 4521 4292 3511
4 8874 6367 6296 5462
4 2798 2592 9880 8956
4 7678 5823 4975 3853
4 9197 8637 8466 7823
4 3055 1833 1261 916
4 5547 5341 3544 3107
4 7041 6656 6231 5839
4 17 9849 9769 7178
4 970 174 172 56
4 2600 2566 1712 1361
4 5941 5705 4946 4668
4 6965 6605 6577 6220
4 9907 9425 8527 7463
4 5378 2185 1726 9961
4 7255 6938 5998 5441
4 846 760 529 9984
4 6389 5548 5503 2368
4 10 7238 7215 7130
4 4604 3769 3050 145
4 8516 7363 6715 5250
4 451 297 9350 9014
4 1234 844 738 688
4 2106 1765 1570 1430
4 4663 3969 3746 3516
4 5563 5446 5151 4731
4 8931 8363 7740 6856
4 923 525 208 9092
4 3134 2716 1601 1122
4 6752 6583 5649 5271
4 912 556 9168 8714
4 2165 1827 1487 1197
4 5579 5325 5118 2766
4 6526 6364 6266 6205
4 7778 7624 7218 6540
4 139 9895 9741 9597
4 2407 1963 926 164
4 6133 4093 3540 3104
4 9161 9121 8239 7149
4 2295 2221 2007 117
4 4990 4491 3258 2649
4 8081 7558 7518 6396
4 9214 9182 8833 8673
4 2484 1648 1589 9450
4 5017 5013 5007 4230
4 211 8161 8059 5948
4 5574 4627 3674 2804
4 6451 6052 5899 5627
4 8650 8044 7839 7499
4 9594 9390 9246 8824
4 2879 2309 628 480
4 5875 5056 4126 3691
4 7692 7346 7152 6149
4 642 87 8293 8198
4 2848 2555 2127 1010
4 8617 7983 7204 6680
4 2590 1825 1015 9135
4 3932 3276 3029 2836
4 7318 6721 6623 6102
4 656 9719 9490 8247
4 3828 3608 2811 2125
4 6645 6215 6157 5879
4 8305 7752 7278 7151
4 178 9588 8653 8609
4 1735 900 597 289
4 2872 1876 1866 1847
4 6731 6036 4555 3973
4 9471 9414 8606 7954
4 206 28 9776 9580
4 3239 2516 1943 1620
4 4650 3692 3677 3480
4 6193 5513 5487 4859
4 1159 931 9286 6256
4 4671 2538 1856 1464
4 9852 8652 7375 5824
4 1393 1311 1056 590
4 6350 5815 4170 2226
4 8578 8134 6703 6685
4 1819 1632 9499 9382
4 3891 3808 3527 2697
4 9276 6531 4573 4522
4 2999 1205 1129 834
4 4792 4496 3132 3092
4 5981 5559 5061 5058
4 7888 7764 6152 6111
4 151 124 8434 8258
4 1994 1877 1260 307
4 6443 6206 4054 2732
4 8537 8468 6984 6741
4 3895 1874 1718 53
4 7105 6053 5094 4933
4 8684 8342 7875 7475
4 142 9637 9407 9238
4 1562 589 290 236
4 2705 2190 1888 1642
4 6228 4997 4725 3573
4 9241 8967 7734 7542
4 3980 2428 2091 9799
4 4857 4814 4611 4055
4 7777 7512 7413 6306
4 1704 9748 9675 9165
4 4865 4661 4442 1884
4 7884 7610 5418 5371
4 253 9730 9714 9326
4 4592 4091 3297 2490
4 5710 4774 4692 4636
4 6932 6676 6651 6628
4 8032 7993 7361 7219
4 9602 9530 8907 8035
4 1445 540 9864 9761
4 4703 2765 2241 2020
4 6155 5644 4989 4875
4 7659 7406 7286 6849
4 735 648 362 9376
4 3558 2854 1837 1282
4 4363 4066 3924 3912
4 5235 5044 4716 4381
4 1440 6557 5794 5517
4 3654 2887 2565 2254
4 4187 3945 3839 3802
4 6326 5035 4926 4506
4 7662 7526 7090 6827
4 9523 8176 8123 7841
4 1023 898 9976 9896
4 3531 2461 2400 1595
4 4904 4771 4656 3553
4 6733 6365 5671 5020
4 8423 7594 7074 7003
4 2806 1598 534 9016
4 4089 4064 3567 3498
4 6380 6366 5916 4410
4 7733 7382 6976 6794
4 358 9922 9650 8241
4 2006 1467 1406 1339
4 4559 3422 2457 2081
4 5530 5474 5389 4773
4 8333 7037 6673 6289
4 2320 1723 1533 1332
4 6436 5355 5205 4412
4 7683 7432 7374 7356
4 9453 9368 9220 8597
4 960 404 210 147
4 3760 2783 2375 1471
4 5898 5336 4879 3906
4 7914 6988 6800 6076
4 9848 9456 8861 8432
4 622 489 33 9988
4 2907 1584 1422 689
4 8019 6857 6361 4495
4 3323 1609 909 146
4 4720 4478 4375 3718
4 6490 5489 5457 5178
4 8376 7821 6778 6514
4 9468 8938 8889 8715
4 2462 2389 2381 9879
4 4639 4011 3704 3145
4 5633 5551 5086 4766
4 7534 7426 7419 6528
4 7943 7818 7785 7768
4 737 9043 8648 8153
4 2874 2401 2398 1021
4 4452 3617 3582 3244
4 7230 6784 5869 5856
4 8043 7530 7310 7249
4 9192 8898 8894 8150
4 9726 9684 9561 9361
4 3595 2260 1529 396
4 6340 6016 3914 3882
4 8845 8823 7592 7175
4 1512 150 9703 9072
4 3153 2129 1930 1922
4 3983 3559 3352 3299
4 5467 4953 4057 4026
4 6585 6208 5901 5776
4 8954 8299 7917 6870
4 635 198 39 9631
4 3966 3371 1952 835
4 5461 5380 5255 5085
4 7013 6202 5920 5865
4 8679 8425 8325 7990
4 9971 9222 9143 9122
4 3749 2191 1886 1090
4 4823 4467 4202 3985
4 6466 5832 5522 4907
4 7770 7454 7116 6834
4 32 9429 8746 8712
4 947 804 512 359
4 5531 3339 3188 3075
4 7010 6649 5724 5556
4 8238 7966 7956 7596
4 9549 9221 9062 8682
4 1507 711 9802 9667
4 3136 3129 2134 1822
4 5615 4704 4124 3564
4 9091 7689 7480 6724
4 9828 9734 9606 9183
4 1347 678 149 45
4 3011 2924 2277 1761
4 4640 4016 3811 3428
4 6184 5908 5896 4887
4 7221 7220 6700 6421
4 170 9868 8519 7809
4 2148 1256 1100 300
4 3322 2707 2343 2167
4 6574 6243 5756 4208
4 7731 7186 6873 6705
4 9173 8276 7970 7876
4 1382 849 313 0
4 3991 3694 3641 2024
4 5451 5047 4514 4465
4 6264 6160 5584 5566
4 8196 7964 6811 6446
4 471 9096 8632 8263
4 2467 2278 2198 611
4 5164 3724 3121 3020
4 6637 6248 6203 5939
4 9573 9459 8562 8264
4 2672 2495 1908 1047
4 5166 4949 4708 4335
4 6659 6553 5954 5277
4 8027 7984 6903 6681
4 9752 8908 8752 8517
4 1174 1157 1044 9978
4 5657 4659 2983 1199
4 6726 6596 6522 6015
4 7975 7424 7386 6942
4 9891 9583 9299 8133
4 1181 1179 9996 9987
4 3681 2875 2367 1569
4 4992 4340 4215 3818
4 5947 5860 5240 5040
4 8801 8711 7425 6648
4 433 9328 9210 9068
4 1411 1106 708 541
4 3203 3127 2337 1593
4 5362 4511 3412 3226
4 6112 6017 5721 5449
4 9633 9038 7727 7384
4 4790 3517 2062 562
4 6022 5836 5763 5173
4 8143 7521 7509 6719
4 825 514 9836 8222
4 1840 1668 1616 1381
4 3563 3031 2702 2506
4 4456 4419 4286 3894
4 6478 6246 5813 5536
4 9721 8210 8160 7500
4 2296 2025 355 204
4 5157 4206 4052 2601
4 8202 7555 6351 5496
4 8828 8696 8667 8413
4 608 9486 8864 8863
4 1751 1400 968 889
4 4359 3105 2120 1768
4 6713 6492 5730 4958
4 8810 8336 8139 7877
4 1409 1012 465 70
4 2437 2329 2159 1535
3 3596 3330 2954
3 4742 4188 4092
3 6275 5872 5198
3 6864 6280 6051
3 8031 8006 7751
3 9920 8977 8876
3 234 9995 9935
3 919 530 240
3 1843 1321 955
3 3004 2578 2033
3 3972 3809 3235
3 4801 4228 3657
3 5368 4943 4858
3 7633 6960 6263
3 9418 9269 9198
3 270 131 8919
3 456 431 430
3 2746 1640 1062
3 4000 3926 3311
3 5751 5606 5082
3 7614 7397 6576
3 8215 7924 7729
3 9028 8454 8089
3 9600 9519 9187
3 97 9768 9716
3 620 500 372
3 1750 1330 978
3 2604 2193 1939
3 2786 2762 2661
3 4046 3939 2949
3 6097 6008 5208
3 7995 6964 6698
3 9332 9201 8137
3 9767 9699 9446
3 673 439 136
3 1744 1259 1036
3 2632 2072 1980
3 4301 3956 2977
3 5191 4796 4534
3 6161 6003 5986
3 7170 6890 6761
3 8447 8401 7663
3 9538 9431 9086
3 885 9656 9584
3 1796 1519 1475
3 2694 2514 2102
3 3212 2772 2713
3 4798 4221 3590
3 5482 5245 4942
3 6835 6824 6565
3 7457 7407 6844
3 8822 8180 7991
3 24 9944 9398
3 1318 956 183
3 2074 1961 1649
3 3280 2595 2399
3 6137 4104 3370
3 8326 8252 6352
3 9413 8568 8383
3 86 37 8435
3 2207 1694 1279
3 3793 3344 3060
3 4502 4387 4238
3 5666 4777 4635
3 6121 5752 5732
3 6463 6450 6197
3 7674 6887 6809
3 7895 7881 7800
3 9075 8859 8037
3 457 9855 9083
3 2297 1983 1546
3 2953 2891 2881
3 4839 4783 3822
3 7461 6302 5994
3 7586 7554 7471
3 602 458 9036
3 1538 756 487
3 3543 3364 1755
3 4400 4358 4248
3 5897 5168 4595
3 6972 6963 6959
3 7362 7357 7320
3 7812 7724 7410
3 8900 8815 8314
3 2144 335 9009
3 2596 2210 2149
3 3141 2903 2608
3 4116 3951 3052
3 5024 4596 4434
3 6471 6311 4399
3 7206 7094 6915
3 8353 8093 7387
3 9035 8930 8766
3 9137 9094 9047
3 462 392 221
3 1536 1371 801
3 2785 2610 2028
3 3021 2956 2741
3 4339 3875 3347
3 6353 6332 4504
3 9114 8486 6506
3 9838 9578 9215
3 1161 40 9564
3 2837 1688 1678
3 3651 2892 2859
3 4994 4069 3789
3 6127 5628 5066
3 6925 6818 6448
3 7850 7602 7078
3 31 9659 7889
3 802 725 168
3 2412 2059 1453
3 4736 3887 2469
3 5233 5181 4877
3 6175 6148 4982
3 9709 8663 6232
3 840 502 9820
3 1009 842 739
3 2307 1778 1426
3 4097 2685 2683
3 5106 4688 4291
3 6328 6229 5125
3 7632 7557 6944
3 7959 7859 7694
3 8543 8438 8028
3 9651 9394 8737
3 152 78 9993
3 393 343 325
3 615 511 402
3 1220 644 639
3 2169 2101 1959
3 3841 3318 3012
3 5128 4549 4488
3 6725 6699 5817
3 8426 8022 7960
3 9223 9015 8576
3 9678 9595 9540
3 1043 613 229
3 4567 2950 1869
3 5558 4787 4689
3 5959 5719 5631
3 7742 7395 6473
3 34 9489 8804
3 848 793 68
3 5190 4031 2388
3 5676 5422 4099
3 7423 6034 5882
3 8256 7971 7803
3 9227 8950 8643
3 1080 953 726
3 1807 1377 1165
3 2472 2242 1979
3 3679 3555 3123
3 4826 3903 3743
3 6315 4880 4855
3 7314 6952 6746
3 7697 7631 7532
3 8903 8097 7994
3 20 13 9957
3 413 305 252
3 640 579 467
3 3515 1892 1167
3 4723 3698 1270
3 5731 5443 4969
3 6005 5881 5850
3 7132 6452 6225
3 9887 7581 7430
3 153 76 9892
3 1502 860 477
3 2137 2002 1590
3 2304 2215 2164
3 4047 3396 2669
3 4811 4298 3509
3 6922 6357 5951
3 7666 7176 5212
3 8629 8571 8398
3 57 9475 9274
3 2929 740 346
3 4078 3665 3621
3 4451 4267 4173
3 6046 5863 4750
3 6189 6095 5950
3 6563 6479 6291
3 7826 7496 6674
3 293 193 9280
3 649 414 395
3 1586 1549 1369
3 2232 2019 1953
3 2629 2527 2358
3 3233 2898 2432
3 4155 3581 3246
3 4279 4246 4245
3 4922 4679 4554
3 5829 5161 5146
3 7906 7713 7036
3 9337 8212 7951
3 937 83 9524
3 1416 1276 949
3 3449 3146 2799
3 4249 3902 3761
3 5346 5026 4662
3 6740 6210 6104
3 7252 7024 6544
3 8206 7804 7565
3 8986 8821 8456
3 554 9830 9065
3 1084 868 568
3 1504 1286 1194
3 2533 2531 1650
3 2824 2751 2634
3 3504 3261 3161
3 4030 3838 3482
3 4747 4314 4311
3 7194 6244 5895
3 9313 9234 9157
3 23 16 9526
3 1793 1516 444
3 3263 2668 2529
3 3806 3748 3431
3 4653 4537 3773
3 5387 5200 4856
3 6630 6270 5714
3 7743 7236 7197
3 8229 7813 7653
3 9105 8675 8498
3 982 9543 9294
3 1118 1032 1031
3 1527 1514 1250
3 2303 2047 1532
3 3911 3332 3174
3 4328 4176 3930
3 4767 4501 4398
3 6258 5672 5401
3 7018 6664 6294
3 8277 7963 7490
3 9333 8965 8440
3 9496 9488 9458
3 9810 9692 9635
3 1296 1201 675
3 1986 1891 1452
3 4001 3316 2442
3 4841 4623 4578
3 5237 4914 4892
3 6828 6612 6245
3 7559 7150 6920
3 8642 8355 8201
3 9680 9551 8952
3 1027 499 9958
3 2143 1618 1606
3 2671 2422 2264
3 3824 3513 3125
3 4713 3880 2712
3 5175 5059 4935
3 5834 5373 5199
3 6494 6430 5980
3 6693 6569 6510
3 6962 6852 6822
3 8289 8179 6744
3 8729 8727 8654
3 9260 9251 9085
3 365 225 9711
3 3099 858 459
3 4144 3747 3407
3 4605 4447 4164
3 5043 4898 4775
3 6093 5769 5641
3 8067 7761 7622
3 9002 8918 8177
3 9858 9149 9022
3 2328 115 30
3 4095 3570 3147
3 5400 5097 4407
3 7418 7237 6604
3 8235 7957 7828
3 8897 8808 8593
3 9655 9272 8981
3 1058 185 123
3 1951 1898 1806
3 3274 2402 2335
3 6118 4562 3547
3 6846 6600 6130
3 8382 7849 7600
3 9611 9181 8567
3 94 9985 9624
3 1132 1110 576
3 1978 1865 1669
3 2946 2570 2235
3 4482 4156 3355
3 5471 5098 4558
3 6126 6002 5831
3 6590 6398 6323
3 6851 6766 6727
3 7721 7190 7048
3 8756 8472 8108
3 1639 9073 8978
3 2220 2205 2046
3 4197 2466 2240
3 4694 4546 4325
3 5442 5077 4840
3 6472 6090 6078
3 6993 6899 6669
3 7247 7127 7085
3 7665 7616 7315
3 7899 7868 7273
3 8393 8388 8340
3 9771 8806 8753
3 896 473 9927
3 2333 1835 1754
3 2591 2582 1288
3 3615 3587 3078
3 4804 4489 3883
3 5505 5041 5019
3 6223 5944 5812
3 6711 6524 6304
3 7805 7634 7329
3 8372 8129 7693
3 9338 8734 8572
3 9859 9745 9613
3 899 516 160
3 1774 1271 1266
3 2216 2105 1848
3 3506 2911 2294
3 6774 5323 4564
3 22 8640 7460
3 419 143 101
3 1212 1192 1137
3 2234 1849 1313
3 3265 2730 2549
3 3878 3664 3324
3 5140 4172 3884
3 5613 5460 5189
3 5800 5702 5621
3 6671 6560 6356
3 6990 6739 6697
3 8573 7815 7275
3 9603 9013 9003
3 1086 9948 9877
3 2199 2136 1653
3 3038 2754 2237
3 3933 3439 3281
3 4746 4312 4308
3 7121 6803 5276
3 8021 7491 7123
3 9134 8996 8994
3 753 558 417
3 2390 1699 906
3 2793 2781 2453
3 3578 3402 3097
3 4255 4217 3849
3 5268 5171 5134
3 6064 6063 5397
3 7931 7686 6581
3 9261 9029 8773
3 381 9744 9679
3 1127 796 550
3 1480 1461 1170
3 2016 1656 1488
3 2417 2289 2268
3 3873 3782 2852
3 4394 4196 4136
3 4918 4818 4599
3 5523 5426 5234
3 6023 5903 5598
3 6595 6414 6035
3 7510 6831 6636
3 8716 8411 8084
3 9230 9194 9008
3 219 159 9844
3 1093 828 472
3 1783 1624 1172
3 2621 2444 2406
3 3131 2951 2775
3 3817 3491 3381
3 4630 4613 3888
3 5253 5246 4678
3 6261 6132 6096
3 7233 7117 6520
3 8049 7786 7400
3 8464 8316 8166
3 8793 8789 8759
3 133 9901 9759
3 845 279 217
3 1627 1404 893
3 1867 1814 1665
3 2334 2068 1985
3 3300 3262 2731
3 3783 3442 3334
3 4910 4094 3965
3 6227 5770 5736
3 6517 6432 6373
3 7309 6953 6529
3 7903 7788 7684
3 8633 8618 8539
3 610 218 8987
3 1781 1221 1208
3 2065 1836 1801
3 2711 2554 2281
3 3312 2987 2750
3 3721 3584 3401
3 4193 4088 3744
3 4932 4487 4479
3 5398 5391 5313
3 5917 5586 5577
3 6180 5972 5966
3 7969 7925 7501
3 9534 9502 8165
3 401 9575 9535
3 990 669 651
3 1899 1646 1184
3 3445 2722 1904
3 3927 3862 3539
3 5104 5064 4894
3 6417 5370 5132
3 7110 6812 6586
3 7675 7388 7371
3 8665 7980 7898
3 89 9660 9200
3 1292 934 545
3 2184 1716 1638
3 2464 2376 2326
3 3085 3076 2947
3 3411 3216 3124
3 4428 3947 3929
3 4544 4538 4529
3 5594 5481 4981
3 7289 7065 5599
3 7695 7672 7502
3 9754 8694 8638
3 9882 9846 9770
3 163 144 9941
3 757 292 249
3 977 827 771
3 1683 1299 1130
3 2087 1935 1928
3 3017 2560 2173
3 3807 3521 3424
3 5345 4669 4628
3 6405 6259 5511
3 7664 7043 6770
3 8015 7907 7902
3 8584 8525 8268
3 9156 8934 8842
3 207 9356 9209
3 930 894 304
3 1469 1138 1120
3 2050 2022 1870
3 2480 2463 2057
3 2990 2835 2567
3 4163 3580 3115
3 6068 5122 4833
3 6497 6409 6307
3 6973 6958 6805
3 7608 7177 7096
3 9089 8732 7744
3 199 157 9670
3 288 241 9140
3 691 618 316
3 2011 1331 1209
3 3941 3610 3313
3 4646 4553 4149
3 5429 4882 4842
3 7014 6331 5804
3 7274 7223 7134
3 8273 7962 7553
3 8853 8776 8709
3 287 9860 9785
3 728 643 356
3 2227 2179 865
3 3186 3178 2564
3 3893 3541 3353
3 5192 4948 4337
3 5725 5514 4392
3 6541 6425 6301
3 7216 7163 6897
3 7642 7640 7544
3 8298 8068 7878
3 8886 8502 8409
3 9225 9179 9152
3 616 108 9491
3 1227 862 819
3 1652 1574 1277
3 1971 1958 1841
3 2805 2418 2288
3 4226 3753 3006
3 4714 4468 4355
3 5182 5060 4789
3 5329 5254 5206
3 5663 5578 5550
3 6387 6213 5718
3 7019 6904 6513
3 7546 7298 7229
3 8645 8534 7795
3 9367 9100 8870
3 9710 9647 9406
3 425 186 9863
3 867 784 733
3 2163 1809 1495
3 2841 2563 2239
3 3536 3438 3425
3 4508 4143 3798
3 5424 4634 4598
3 5658 5612 5534
3 5848 5825 5741
3 6629 6087 5952
3 7087 6814 6796
3 8310 8141 7948
3 9172 8941 8740
3 9553 9329 9232
3 9885 9870 9617
3 348 347 226
3 800 769 378
3 1563 1479 1376
3 1700 1661 1615
3 2344 2318 2201
3 2689 2577 2435
3 3712 3209 3208
3 4791 4693 3812
3 5611 5573 5510
3 6484 5958 5771
3 7349 7091 6620
3 9158 8564 7556
3 9582 9570 9423
3 189 128 9590
3 789 719 383
3 1685 1403 1099
3 4290 3917 2152
3 4906 4726 4403
3 6125 4986 4518
3 7333 6748 6253
3 7441 7434 7365
3 8309 8103 7799
3 9314 8771 8321
3 9862 9555 9346
3 415 349 9876
3 958 633 441
3 1235 1196 1131
3 1909 1788 1494
3 2451 2012 1949
3 3213 2586 2470
2 5183 4709
2 4939 4211
2 6692 5316
2 5409 5294
2 7060 6701
2 7459 6917
2 7580 7140
2 7758 7541
2 8064 7946
2 8086 7835
2 8493 8347
2 9954 9205
2 203 9819
2 831 361
2 1119 291
2 1188 1180
2 1230 703
2 1799 863
2 1993 1679
2 2382 1868
2 2878 2550
2 2356 1284
2 3859 3327
2 3949 3784
2 5148 3860
2 6279 4996
2 6456 5343
2 6457 5379
2 8379 8080
2 8960 8686
2 9737 9323
2 280 8282
2 388 4
2 782 693
2 1105 405
2 1323 935
2 1732 1611
2 1335 509
2 2483 2384
2 2498 2035
2 3821 1818
2 5694 3247
2 5779 5410
2 7479 6843
2 7669 4621
2 8406 7965
2 8726 8412
2 8875 7507
2 9372 7807
2 227 9999
2 268 200
2 1074 1046
2 1111 922
2 2324 1135
2 2579 2378
2 3394 258
2 4254 1133
2 4344 2789
2 4632 4330
2 4633 3787
2 4734 4675
2 5051 4950
2 5699 4664
2 6233 5833
2 7307 6085
2 8410 7251
2 7753 6407
2 8970 8784
2 9663 9102
2 9807 8985
2 662 318
2 811 8955
2 1553 376
2 1029 983
2 2311 2086
2 2386 2373
2 2942 1987
2 3386 3292
2 3389 2405
2 4107 3922
2 4979 3639
2 5844 5356
2 6500 2541
2 6983 5977
2 6635 4461
2 7791 7667
2 8791 8523
2 9701 9604
2 9742 8461
2 9724 9636
2 491 342
2 2030 741
2 794 173
2 2715 2410
2 3199 2676
2 4371 2508
2 3827 3385
2 5327 5005
2 6371 5177
2 6434 4425
2 7322 7092
2 8374 8164
2 8491 7399
2 9148 6158
2 9186 8602
2 9557 8731
2 9644 9162
2 9717 9632
2 409 9533
2 1918 621
2 1534 872
2 2825 1992
2 3756 3008
2 3866 3819
2 4220 2883
2 4810 4369
2 5187 4273
2 5885 5413
2 6254 5266
2 7340 6420
2 7627 6242
2 7820 6647
2 8725 8136
2 8872 7706
2 69 9773
2 195 9342
2 148 7992
2 984 821
2 1206 1063
2 1415 1329
2 1554 1439
2 1045 917
2 2747 1897
2 2934 1969
2 3267 1705
2 3794 3225
2 4323 3799
2 4435 3935
2 5073 4651
2 5399 4978
2 5957 5210
2 7228 5643
2 7712 7636
2 8857 7832
2 9609 9282
2 7069 6678
2 437 9977
2 483 435
2 508 312
2 1610 605
2 1731 901
2 2427 652
2 2803 2503
2 2873 2166
2 2884 2172
2 3144 3058
2 3474 3466
2 4103 3620
2 4214 3227
2 4356 4237
2 4535 4032
2 5167 5045
2 4807 4260
2 5470 5361
2 5853 5265
2 5979 5840
2 6480 6174
2 7033 5883
2 7165 6234
2 7243 6499
2 7276 7093
2 7408 7393
2 7736 7547
2 8728 7264
2 8758 8613
2 9159 7938
2 9362 8879
2 179 9963
2 1305 9327
2 1654 194
2 2425 2330
2 2996 987
2 4224 2500
2 4822 3636
2 4860 4758
2 5508 4372
2 5350 5340
2 6675 6077
2 6841 5745
2 7097 6654
2 7416 6901
2 7915 7793
2 8395 7588
2 8535 7172
2 8570 8142
2 8780 8507
2 8778 8770
2 9787 9011
2 111 9070
2 9822 9775
2 192 184
2 303 118
2 1142 209
2 2206 596
2 3082 2170
2 2769 2556
2 3984 3879
2 4732 3476
2 4891 3530
2 6187 4890
2 4972 4577
2 7427 6853
2 7789 7639
2 8117 7059
2 8786 8144
2 8877 8311
2 9415 9380
2 729 9749
2 1614 478
2 1831 1728
2 3044 482
2 3189 2520
2 4285 4175
2 5107 5067
2 4376 3777
2 5557 5279
2 7098 6128
2 7578 7086
2 7856 6141
2 7942 7883
2 8114 8038
2 8224 7561
2 8961 8417
2 9218 8405
2 9264 8361
2 9421 8975
2 121 9931
2 230 9571
2 1517 274
2 1972 908
2 2512 1485
2 2808 1695
2 2771 2485
2 2974 2812
2 3716 3493
2 4523 3727
2 4952 4724
2 5747 5696
2 5983 5906
2 6156 5993
2 6411 6308
2 6902 6614
2 7590 7075
2 8135 3717
2 8061 7741
2 9436 8244
2 156 8272
2 781 9556
2 1625 1496
2 3685 2098
2 4232 1350
2 4470 2039
2 5504 4899
2 6559 4699
2 6682 6177
2 6937 6833
2 7045 5483
2 7187 6720
2 7483 7077
2 8009 8002
2 8075 7847
2 8530 7606
2 9031 8462
2 61 9793
2 507 311
2 833 424
2 1177 256
2 1283 574
2 1937 1226
2 2271 2110
2 2532 1749
2 2827 2602
2 4063 3635
2 4098 2272
2 5213 4333
2 5617 5533
2 5727 5304
2 6265 5870
2 6429 4845
2 7017 6428
2 7864 6545
2 8045 7730
2 8220 8011
2 8110 6607
2 8698 8561
2 8542 8500
2 9126 8797
2 9736 8880
2 795 81
2 1006 682
2 1171 428
2 1501 866
2 1696 1634
2 1753 1326
2 1984 1917
2 2231 1513
2 2447 2298
2 3053 2657
2 3108 3023
2 3307 3059
2 4427 3690
2 4440 1804
2 4876 4297
2 4966 4588
2 4980 4913
2 5260 5158
2 5262 5023
2 5938 5377
2 6026 5783
2 7248 5382
2 7337 7068
2 7404 6971
2 8159 7533
2 8556 8494
2 9301 8635
2 9357 8868
2 9498 9457
2 406 9686
2 803 538
2 959 7550
2 1703 1622
2 1166 903
2 3268 1789
2 3469 2252
2 5008 4262
2 5754 3993
2 5480 4305
2 6539 6293
2 6075 5907
2 6998 6551
2 7030 7022
2 7367 7138
2 7292 7139
2 7833 7682
2 7830 7711
2 8441 7929
2 8924 8473
2 9007 8850
2 9910 8190
2 182 9521
2 1307 9932
2 1275 9296
2 2310 1932
2 2393 1762
2 2900 2673
2 3266 2357
2 3534 2583
2 3361 3205
2 4770 4591
2 5632 5585
2 5910 3846
2 6098 5472
2 6412 6257
2 6617 6021
2 7514 6237
2 7453 7067
2 8555 7584
2 603 8968
2 668 658
2 1191 8592
2 2138 9823
2 1824 1149
2 3154 2645
2 3854 3705
2 3416 3286
2 4048 3963
2 4453 4060
2 4830 4793
2 4851 4843
2 4923 4019
2 5010 4283
2 5900 5693
2 6393 5926
2 6519 5281
2 6533 4893
2 7102 6799
2 7281 7129
2 7523 6848
2 9042 7688
2 9548 6859
2 25 9044
2 275 9577
2 224 9698
2 921 341
2 1190 452
2 1770 698
2 1878 1612
2 2385 2026
2 2899 2546
2 3169 2664
2 3382 2961
2 3611 3591
2 3810 3803
2 4571 4236
2 5100 3994
2 5430 2928
2 6222 4911
2 6454 5640
2 6643 6040
2 7071 6961
2 7985 7000
2 7658 7574
2 8541 8001
2 9297 8085
2 9311 9189
2 9914 9861
2 54 9411
2 468 27
2 319 238
2 582 526
2 972 659
2 1775 746
2 1302 886
2 2280 2153
2 2709 2656
2 3454 2662
2 3696 3523
2 3990 3619
2 4009 3719
2 5538 4691
2 5838 5809
2 6031 5828
2 6290 6195
2 6185 6119
2 6862 6592
2 6923 6509
2 7782 6334
2 8000 7890
2 8554 8334
2 9101 8231
2 9204 9059
2 9229 7852
2 9270 9146
2 9972 9554
2 412 180
2 1316 999
2 1777 1134
2 2038 1667
2 3156 1873
2 2980 2525
2 4209 3413
2 4821 3754
2 5635 5386
2 6199 4525
2 6391 5549
2 6516 6283
2 7011 6491
2 7488 6772
2 7261 6850
2 8118 7504
2 9024 8109
2 9933 9720
2 9825 8034
2 422 379
2 1237 573
2 1308 1087
2 1880 1725
2 3383 2758
2 2154 2010
2 4132 4034
2 4174 3645
2 4520 3843
2 4581 4556
2 4705 4252
2 5257 4987
2 5778 5227
2 5949 5859
2 6163 5697
2 8098 5014
2 8344 8318
2 8508 6792
2 9150 8757
2 9400 7222
2 154 9336
2 583 8546
2 911 360
2 1290 986
2 1664 533
2 1964 1374
2 2431 1915
2 2733 2706
2 3340 2858
2 3546 3201
2 3788 1401
2 4438 3628
2 5029 4976
2 5108 3643
2 5049 4062
2 5342 5153
2 5527 5406
2 5820 5466
2 6631 5619
2 7042 5539
2 7882 7005
