500
1
2
a-b 47
ejj-b 47
0
1
eji-a 47
499
250
a-ejj 47
c-ejj 47
e-ejj 47
g-ejj 47
i-ejj 47
ba-ejj 47
bc-ejj 47
be-ejj 47
bg-ejj 47
bi-ejj 47
ca-ejj 47
cc-ejj 47
ce-ejj 47
cg-ejj 47
ci-ejj 47
da-ejj 47
dc-ejj 47
de-ejj 47
dg-ejj 47
di-ejj 47
ea-ejj 47
ec-ejj 47
ee-ejj 47
eg-ejj 47
ei-ejj 47
fa-ejj 47
fc-ejj 47
fe-ejj 47
fg-ejj 47
fi-ejj 47
ga-ejj 47
gc-ejj 47
ge-ejj 47
gg-ejj 47
gi-ejj 47
ha-ejj 47
hc-ejj 47
he-ejj 47
hg-ejj 47
hi-ejj 47
ia-ejj 47
ic-ejj 47
ie-ejj 47
ig-ejj 47
ii-ejj 47
ja-ejj 47
jc-ejj 47
je-ejj 47
jg-ejj 47
ji-ejj 47
baa-ejj 47
bac-ejj 47
bae-ejj 47
bag-ejj 47
bai-ejj 47
bba-ejj 47
bbc-ejj 47
bbe-ejj 47
bbg-ejj 47
bbi-ejj 47
bca-ejj 47
bcc-ejj 47
bce-ejj 47
bcg-ejj 47
bci-ejj 47
bda-ejj 47
bdc-ejj 47
bde-ejj 47
bdg-ejj 47
bdi-ejj 47
bea-ejj 47
bec-ejj 47
bee-ejj 47
beg-ejj 47
bei-ejj 47
bfa-ejj 47
bfc-ejj 47
bfe-ejj 47
bfg-ejj 47
bfi-ejj 47
bga-ejj 47
bgc-ejj 47
bge-ejj 47
bgg-ejj 47
bgi-ejj 47
bha-ejj 47
bhc-ejj 47
bhe-ejj 47
bhg-ejj 47
bhi-ejj 47
bia-ejj 47
bic-ejj 47
bie-ejj 47
big-ejj 47
bii-ejj 47
bja-ejj 47
bjc-ejj 47
bje-ejj 47
bjg-ejj 47
bji-ejj 47
caa-ejj 47
cac-ejj 47
cae-ejj 47
cag-ejj 47
cai-ejj 47
cba-ejj 47
cbc-ejj 47
cbe-ejj 47
cbg-ejj 47
cbi-ejj 47
cca-ejj 47
ccc-ejj 47
cce-ejj 47
ccg-ejj 47
cci-ejj 47
cda-ejj 47
cdc-ejj 47
cde-ejj 47
cdg-ejj 47
cdi-ejj 47
cea-ejj 47
cec-ejj 47
cee-ejj 47
ceg-ejj 47
cei-ejj 47
cfa-ejj 47
cfc-ejj 47
cfe-ejj 47
cfg-ejj 47
cfi-ejj 47
cga-ejj 47
cgc-ejj 47
cge-ejj 47
cgg-ejj 47
cgi-ejj 47
cha-ejj 47
chc-ejj 47
che-ejj 47
chg-ejj 47
chi-ejj 47
cia-ejj 47
cic-ejj 47
cie-ejj 47
cig-ejj 47
cii-ejj 47
cja-ejj 47
cjc-ejj 47
cje-ejj 47
cjg-ejj 47
cji-ejj 47
daa-ejj 47
dac-ejj 47
dae-ejj 47
dag-ejj 47
dai-ejj 47
dba-ejj 47
dbc-ejj 47
dbe-ejj 47
dbg-ejj 47
dbi-ejj 47
dca-ejj 47
dcc-ejj 47
dce-ejj 47
dcg-ejj 47
dci-ejj 47
dda-ejj 47
ddc-ejj 47
dde-ejj 47
ddg-ejj 47
ddi-ejj 47
dea-ejj 47
dec-ejj 47
dee-ejj 47
deg-ejj 47
dei-ejj 47
dfa-ejj 47
dfc-ejj 47
dfe-ejj 47
dfg-ejj 47
dfi-ejj 47
dga-ejj 47
dgc-ejj 47
dge-ejj 47
dgg-ejj 47
dgi-ejj 47
dha-ejj 47
dhc-ejj 47
dhe-ejj 47
dhg-ejj 47
dhi-ejj 47
dia-ejj 47
dic-ejj 47
die-ejj 47
dig-ejj 47
dii-ejj 47
dja-ejj 47
djc-ejj 47
dje-ejj 47
djg-ejj 47
dji-ejj 47
eaa-ejj 47
eac-ejj 47
eae-ejj 47
eag-ejj 47
eai-ejj 47
eba-ejj 47
ebc-ejj 47
ebe-ejj 47
ebg-ejj 47
ebi-ejj 47
eca-ejj 47
ecc-ejj 47
ece-ejj 47
ecg-ejj 47
eci-ejj 47
eda-ejj 47
edc-ejj 47
ede-ejj 47
edg-ejj 47
edi-ejj 47
eea-ejj 47
eec-ejj 47
eee-ejj 47
eeg-ejj 47
eei-ejj 47
efa-ejj 47
efc-ejj 47
efe-ejj 47
efg-ejj 47
efi-ejj 47
ega-ejj 47
egc-ejj 47
ege-ejj 47
egg-ejj 47
egi-ejj 47
eha-ejj 47
ehc-ejj 47
ehe-ejj 47
ehg-ejj 47
ehi-ejj 47
eia-ejj 47
eic-ejj 47
eie-ejj 47
eig-ejj 47
eii-ejj 47
eja-ejj 47
ejc-ejj 47
eje-ejj 47
ejg-ejj 47
eji-ejj 47
2
1
b-c 47
3
2
c-d 47
ejj-d 47
4
1
d-e 47
5
2
e-f 47
ejj-f 47
6
1
f-g 47
7
2
g-h 47
ejj-h 47
8
1
h-i 47
9
2
i-j 47
ejj-j 47
10
1
j-ba 47
11
2
ba-bb 47
ejj-bb 47
12
1
bb-bc 47
13
2
bc-bd 47
ejj-bd 47
14
1
bd-be 47
15
2
be-bf 47
ejj-bf 47
16
1
bf-bg 47
17
2
bg-bh 47
ejj-bh 47
18
1
bh-bi 47
19
2
bi-bj 47
ejj-bj 47
20
1
bj-ca 47
21
2
ca-cb 47
ejj-cb 47
22
1
cb-cc 47
23
2
cc-cd 47
ejj-cd 47
24
1
cd-ce 47
25
2
ce-cf 47
ejj-cf 47
26
1
cf-cg 47
27
2
cg-ch 47
ejj-ch 47
28
1
ch-ci 47
29
2
ci-cj 47
ejj-cj 47
30
1
cj-da 47
31
2
da-db 47
ejj-db 47
32
1
db-dc 47
33
2
dc-dd 47
ejj-dd 47
34
1
dd-de 47
35
2
de-df 47
ejj-df 47
36
1
df-dg 47
37
2
dg-dh 47
ejj-dh 47
38
1
dh-di 47
39
2
di-dj 47
ejj-dj 47
40
1
dj-ea 47
41
2
ea-eb 47
ejj-eb 47
42
1
eb-ec 47
43
2
ec-ed 47
ejj-ed 47
44
1
ed-ee 47
45
2
ee-ef 47
ejj-ef 47
46
1
ef-eg 47
47
2
eg-eh 47
ejj-eh 47
48
1
eh-ei 47
49
2
ei-ej 47
ejj-ej 47
50
1
ej-fa 47
51
2
fa-fb 47
ejj-fb 47
52
1
fb-fc 47
53
2
fc-fd 47
ejj-fd 47
54
1
fd-fe 47
55
2
fe-ff 47
ejj-ff 47
56
1
ff-fg 47
57
2
fg-fh 47
ejj-fh 47
58
1
fh-fi 47
59
2
fi-fj 47
ejj-fj 47
60
1
fj-ga 47
61
2
ga-gb 47
ejj-gb 47
62
1
gb-gc 47
63
2
gc-gd 47
ejj-gd 47
64
1
gd-ge 47
65
2
ge-gf 47
ejj-gf 47
66
1
gf-gg 47
67
2
gg-gh 47
ejj-gh 47
68
1
gh-gi 47
69
2
gi-gj 47
ejj-gj 47
70
1
gj-ha 47
71
2
ha-hb 47
ejj-hb 47
72
1
hb-hc 47
73
2
hc-hd 47
ejj-hd 47
74
1
hd-he 47
75
2
he-hf 47
ejj-hf 47
76
1
hf-hg 47
77
2
hg-hh 47
ejj-hh 47
78
1
hh-hi 47
79
2
hi-hj 47
ejj-hj 47
80
1
hj-ia 47
81
2
ia-ib 47
ejj-ib 47
82
1
ib-ic 47
83
2
ic-id 47
ejj-id 47
84
1
id-ie 47
85
2
ie-if 47
ejj-if 47
86
1
if-ig 47
87
2
ig-ih 47
ejj-ih 47
88
1
ih-ii 47
89
2
ii-ij 47
ejj-ij 47
90
1
ij-ja 47
91
2
ja-jb 47
ejj-jb 47
92
1
jb-jc 47
93
2
jc-jd 47
ejj-jd 47
94
1
jd-je 47
95
2
je-jf 47
ejj-jf 47
96
1
jf-jg 47
97
2
jg-jh 47
ejj-jh 47
98
1
jh-ji 47
99
2
ji-jj 47
ejj-jj 47
100
1
jj-baa 47
101
2
baa-bab 47
ejj-bab 47
102
1
bab-bac 47
103
2
bac-bad 47
ejj-bad 47
104
1
bad-bae 47
105
2
bae-baf 47
ejj-baf 47
106
1
baf-bag 47
107
2
bag-bah 47
ejj-bah 47
108
1
bah-bai 47
109
2
bai-baj 47
ejj-baj 47
110
1
baj-bba 47
111
2
bba-bbb 47
ejj-bbb 47
112
1
bbb-bbc 47
113
2
bbc-bbd 47
ejj-bbd 47
114
1
bbd-bbe 47
115
2
bbe-bbf 47
ejj-bbf 47
116
1
bbf-bbg 47
117
2
bbg-bbh 47
ejj-bbh 47
118
1
bbh-bbi 47
119
2
bbi-bbj 47
ejj-bbj 47
120
1
bbj-bca 47
121
2
bca-bcb 47
ejj-bcb 47
122
1
bcb-bcc 47
123
2
bcc-bcd 47
ejj-bcd 47
124
1
bcd-bce 47
125
2
bce-bcf 47
ejj-bcf 47
126
1
bcf-bcg 47
127
2
bcg-bch 47
ejj-bch 47
128
1
bch-bci 47
129
2
bci-bcj 47
ejj-bcj 47
130
1
bcj-bda 47
131
2
bda-bdb 47
ejj-bdb 47
132
1
bdb-bdc 47
133
2
bdc-bdd 47
ejj-bdd 47
134
1
bdd-bde 47
135
2
bde-bdf 47
ejj-bdf 47
136
1
bdf-bdg 47
137
2
bdg-bdh 47
ejj-bdh 47
138
1
bdh-bdi 47
139
2
bdi-bdj 47
ejj-bdj 47
140
1
bdj-bea 47
141
2
bea-beb 47
ejj-beb 47
142
1
beb-bec 47
143
2
bec-bed 47
ejj-bed 47
144
1
bed-bee 47
145
2
bee-bef 47
ejj-bef 47
146
1
bef-beg 47
147
2
beg-beh 47
ejj-beh 47
148
1
beh-bei 47
149
2
bei-bej 47
ejj-bej 47
150
1
bej-bfa 47
151
2
bfa-bfb 47
ejj-bfb 47
152
1
bfb-bfc 47
153
2
bfc-bfd 47
ejj-bfd 47
154
1
bfd-bfe 47
155
2
bfe-bff 47
ejj-bff 47
156
1
bff-bfg 47
157
2
bfg-bfh 47
ejj-bfh 47
158
1
bfh-bfi 47
159
2
bfi-bfj 47
ejj-bfj 47
160
1
bfj-bga 47
161
2
bga-bgb 47
ejj-bgb 47
162
1
bgb-bgc 47
163
2
bgc-bgd 47
ejj-bgd 47
164
1
bgd-bge 47
165
2
bge-bgf 47
ejj-bgf 47
166
1
bgf-bgg 47
167
2
bgg-bgh 47
ejj-bgh 47
168
1
bgh-bgi 47
169
2
bgi-bgj 47
ejj-bgj 47
170
1
bgj-bha 47
171
2
bha-bhb 47
ejj-bhb 47
172
1
bhb-bhc 47
173
2
bhc-bhd 47
ejj-bhd 47
174
1
bhd-bhe 47
175
2
bhe-bhf 47
ejj-bhf 47
176
1
bhf-bhg 47
177
2
bhg-bhh 47
ejj-bhh 47
178
1
bhh-bhi 47
179
2
bhi-bhj 47
ejj-bhj 47
180
1
bhj-bia 47
181
2
bia-bib 47
ejj-bib 47
182
1
bib-bic 47
183
2
bic-bid 47
ejj-bid 47
184
1
bid-bie 47
185
2
bie-bif 47
ejj-bif 47
186
1
bif-big 47
187
2
big-bih 47
ejj-bih 47
188
1
bih-bii 47
189
2
bii-bij 47
ejj-bij 47
190
1
bij-bja 47
191
2
bja-bjb 47
ejj-bjb 47
192
1
bjb-bjc 47
193
2
bjc-bjd 47
ejj-bjd 47
194
1
bjd-bje 47
195
2
bje-bjf 47
ejj-bjf 47
196
1
bjf-bjg 47
197
2
bjg-bjh 47
ejj-bjh 47
198
1
bjh-bji 47
199
2
bji-bjj 47
ejj-bjj 47
200
1
bjj-caa 47
201
2
caa-cab 47
ejj-cab 47
202
1
cab-cac 47
203
2
cac-cad 47
ejj-cad 47
204
1
cad-cae 47
205
2
cae-caf 47
ejj-caf 47
206
1
caf-cag 47
207
2
cag-cah 47
ejj-cah 47
208
1
cah-cai 47
209
2
cai-caj 47
ejj-caj 47
210
1
caj-cba 47
211
2
cba-cbb 47
ejj-cbb 47
212
1
cbb-cbc 47
213
2
cbc-cbd 47
ejj-cbd 47
214
1
cbd-cbe 47
215
2
cbe-cbf 47
ejj-cbf 47
216
1
cbf-cbg 47
217
2
cbg-cbh 47
ejj-cbh 47
218
1
cbh-cbi 47
219
2
cbi-cbj 47
ejj-cbj 47
220
1
cbj-cca 47
221
2
cca-ccb 47
ejj-ccb 47
222
1
ccb-ccc 47
223
2
ccc-ccd 47
ejj-ccd 47
224
1
ccd-cce 47
225
2
cce-ccf 47
ejj-ccf 47
226
1
ccf-ccg 47
227
2
ccg-cch 47
ejj-cch 47
228
1
cch-cci 47
229
2
cci-ccj 47
ejj-ccj 47
230
1
ccj-cda 47
231
2
cda-cdb 47
ejj-cdb 47
232
1
cdb-cdc 47
233
2
cdc-cdd 47
ejj-cdd 47
234
1
cdd-cde 47
235
2
cde-cdf 47
ejj-cdf 47
236
1
cdf-cdg 47
237
2
cdg-cdh 47
ejj-cdh 47
238
1
cdh-cdi 47
239
2
cdi-cdj 47
ejj-cdj 47
240
1
cdj-cea 47
241
2
cea-ceb 47
ejj-ceb 47
242
1
ceb-cec 47
243
2
cec-ced 47
ejj-ced 47
244
1
ced-cee 47
245
2
cee-cef 47
ejj-cef 47
246
1
cef-ceg 47
247
2
ceg-ceh 47
ejj-ceh 47
248
1
ceh-cei 47
249
2
cei-cej 47
ejj-cej 47
250
1
cej-cfa 47
251
2
cfa-cfb 47
ejj-cfb 47
252
1
cfb-cfc 47
253
2
cfc-cfd 47
ejj-cfd 47
254
1
cfd-cfe 47
255
2
cfe-cff 47
ejj-cff 47
256
1
cff-cfg 47
257
2
cfg-cfh 47
ejj-cfh 47
258
1
cfh-cfi 47
259
2
cfi-cfj 47
ejj-cfj 47
260
1
cfj-cga 47
261
2
cga-cgb 47
ejj-cgb 47
262
1
cgb-cgc 47
263
2
cgc-cgd 47
ejj-cgd 47
264
1
cgd-cge 47
265
2
cge-cgf 47
ejj-cgf 47
266
1
cgf-cgg 47
267
2
cgg-cgh 47
ejj-cgh 47
268
1
cgh-cgi 47
269
2
cgi-cgj 47
ejj-cgj 47
270
1
cgj-cha 47
271
2
cha-chb 47
ejj-chb 47
272
1
chb-chc 47
273
2
chc-chd 47
ejj-chd 47
274
1
chd-che 47
275
2
che-chf 47
ejj-chf 47
276
1
chf-chg 47
277
2
chg-chh 47
ejj-chh 47
278
1
chh-chi 47
279
2
chi-chj 47
ejj-chj 47
280
1
chj-cia 47
281
2
cia-cib 47
ejj-cib 47
282
1
cib-cic 47
283
2
cic-cid 47
ejj-cid 47
284
1
cid-cie 47
285
2
cie-cif 47
ejj-cif 47
286
1
cif-cig 47
287
2
cig-cih 47
ejj-cih 47
288
1
cih-cii 47
289
2
cii-cij 47
ejj-cij 47
290
1
cij-cja 47
291
2
cja-cjb 47
ejj-cjb 47
292
1
cjb-cjc 47
293
2
cjc-cjd 47
ejj-cjd 47
294
1
cjd-cje 47
295
2
cje-cjf 47
ejj-cjf 47
296
1
cjf-cjg 47
297
2
cjg-cjh 47
ejj-cjh 47
298
1
cjh-cji 47
299
2
cji-cjj 47
ejj-cjj 47
300
1
cjj-daa 47
301
2
daa-dab 47
ejj-dab 47
302
1
dab-dac 47
303
2
dac-dad 47
ejj-dad 47
304
1
dad-dae 47
305
2
dae-daf 47
ejj-daf 47
306
1
daf-dag 47
307
2
dag-dah 47
ejj-dah 47
308
1
dah-dai 47
309
2
dai-daj 47
ejj-daj 47
310
1
daj-dba 47
311
2
dba-dbb 47
ejj-dbb 47
312
1
dbb-dbc 47
313
2
dbc-dbd 47
ejj-dbd 47
314
1
dbd-dbe 47
315
2
dbe-dbf 47
ejj-dbf 47
316
1
dbf-dbg 47
317
2
dbg-dbh 47
ejj-dbh 47
318
1
dbh-dbi 47
319
2
dbi-dbj 47
ejj-dbj 47
320
1
dbj-dca 47
321
2
dca-dcb 47
ejj-dcb 47
322
1
dcb-dcc 47
323
2
dcc-dcd 47
ejj-dcd 47
324
1
dcd-dce 47
325
2
dce-dcf 47
ejj-dcf 47
326
1
dcf-dcg 47
327
2
dcg-dch 47
ejj-dch 47
328
1
dch-dci 47
329
2
dci-dcj 47
ejj-dcj 47
330
1
dcj-dda 47
331
2
dda-ddb 47
ejj-ddb 47
332
1
ddb-ddc 47
333
2
ddc-ddd 47
ejj-ddd 47
334
1
ddd-dde 47
335
2
dde-ddf 47
ejj-ddf 47
336
1
ddf-ddg 47
337
2
ddg-ddh 47
ejj-ddh 47
338
1
ddh-ddi 47
339
2
ddi-ddj 47
ejj-ddj 47
340
1
ddj-dea 47
341
2
dea-deb 47
ejj-deb 47
342
1
deb-dec 47
343
2
dec-ded 47
ejj-ded 47
344
1
ded-dee 47
345
2
dee-def 47
ejj-def 47
346
1
def-deg 47
347
2
deg-deh 47
ejj-deh 47
348
1
deh-dei 47
349
2
dei-dej 47
ejj-dej 47
350
1
dej-dfa 47
351
2
dfa-dfb 47
ejj-dfb 47
352
1
dfb-dfc 47
353
2
dfc-dfd 47
ejj-dfd 47
354
1
dfd-dfe 47
355
2
dfe-dff 47
ejj-dff 47
356
1
dff-dfg 47
357
2
dfg-dfh 47
ejj-dfh 47
358
1
dfh-dfi 47
359
2
dfi-dfj 47
ejj-dfj 47
360
1
dfj-dga 47
361
2
dga-dgb 47
ejj-dgb 47
362
1
dgb-dgc 47
363
2
dgc-dgd 47
ejj-dgd 47
364
1
dgd-dge 47
365
2
dge-dgf 47
ejj-dgf 47
366
1
dgf-dgg 47
367
2
dgg-dgh 47
ejj-dgh 47
368
1
dgh-dgi 47
369
2
dgi-dgj 47
ejj-dgj 47
370
1
dgj-dha 47
371
2
dha-dhb 47
ejj-dhb 47
372
1
dhb-dhc 47
373
2
dhc-dhd 47
ejj-dhd 47
374
1
dhd-dhe 47
375
2
dhe-dhf 47
ejj-dhf 47
376
1
dhf-dhg 47
377
2
dhg-dhh 47
ejj-dhh 47
378
1
dhh-dhi 47
379
2
dhi-dhj 47
ejj-dhj 47
380
1
dhj-dia 47
381
2
dia-dib 47
ejj-dib 47
382
1
dib-dic 47
383
2
dic-did 47
ejj-did 47
384
1
did-die 47
385
2
die-dif 47
ejj-dif 47
386
1
dif-dig 47
387
2
dig-dih 47
ejj-dih 47
388
1
dih-dii 47
389
2
dii-dij 47
ejj-dij 47
390
1
dij-dja 47
391
2
dja-djb 47
ejj-djb 47
392
1
djb-djc 47
393
2
djc-djd 47
ejj-djd 47
394
1
djd-dje 47
395
2
dje-djf 47
ejj-djf 47
396
1
djf-djg 47
397
2
djg-djh 47
ejj-djh 47
398
1
djh-dji 47
399
2
dji-djj 47
ejj-djj 47
400
1
djj-eaa 47
401
2
eaa-eab 47
ejj-eab 47
402
1
eab-eac 47
403
2
eac-ead 47
ejj-ead 47
404
1
ead-eae 47
405
2
eae-eaf 47
ejj-eaf 47
406
1
eaf-eag 47
407
2
eag-eah 47
ejj-eah 47
408
1
eah-eai 47
409
2
eai-eaj 47
ejj-eaj 47
410
1
eaj-eba 47
411
2
eba-ebb 47
ejj-ebb 47
412
1
ebb-ebc 47
413
2
ebc-ebd 47
ejj-ebd 47
414
1
ebd-ebe 47
415
2
ebe-ebf 47
ejj-ebf 47
416
1
ebf-ebg 47
417
2
ebg-ebh 47
ejj-ebh 47
418
1
ebh-ebi 47
419
2
ebi-ebj 47
ejj-ebj 47
420
1
ebj-eca 47
421
2
eca-ecb 47
ejj-ecb 47
422
1
ecb-ecc 47
423
2
ecc-ecd 47
ejj-ecd 47
424
1
ecd-ece 47
425
2
ece-ecf 47
ejj-ecf 47
426
1
ecf-ecg 47
427
2
ecg-ech 47
ejj-ech 47
428
1
ech-eci 47
429
2
eci-ecj 47
ejj-ecj 47
430
1
ecj-eda 47
431
2
eda-edb 47
ejj-edb 47
432
1
edb-edc 47
433
2
edc-edd 47
ejj-edd 47
434
1
edd-ede 47
435
2
ede-edf 47
ejj-edf 47
436
1
edf-edg 47
437
2
edg-edh 47
ejj-edh 47
438
1
edh-edi 47
439
2
edi-edj 47
ejj-edj 47
440
1
edj-eea 47
441
2
eea-eeb 47
ejj-eeb 47
442
1
eeb-eec 47
443
2
eec-eed 47
ejj-eed 47
444
1
eed-eee 47
445
2
eee-eef 47
ejj-eef 47
446
1
eef-eeg 47
447
2
eeg-eeh 47
ejj-eeh 47
448
1
eeh-eei 47
449
2
eei-eej 47
ejj-eej 47
450
1
eej-efa 47
451
2
efa-efb 47
ejj-efb 47
452
1
efb-efc 47
453
2
efc-efd 47
ejj-efd 47
454
1
efd-efe 47
455
2
efe-eff 47
ejj-eff 47
456
1
eff-efg 47
457
2
efg-efh 47
ejj-efh 47
458
1
efh-efi 47
459
2
efi-efj 47
ejj-efj 47
460
1
efj-ega 47
461
2
ega-egb 47
ejj-egb 47
462
1
egb-egc 47
463
2
egc-egd 47
ejj-egd 47
464
1
egd-ege 47
465
2
ege-egf 47
ejj-egf 47
466
1
egf-egg 47
467
2
egg-egh 47
ejj-egh 47
468
1
egh-egi 47
469
2
egi-egj 47
ejj-egj 47
470
1
egj-eha 47
471
2
eha-ehb 47
ejj-ehb 47
472
1
ehb-ehc 47
473
2
ehc-ehd 47
ejj-ehd 47
474
1
ehd-ehe 47
475
2
ehe-ehf 47
ejj-ehf 47
476
1
ehf-ehg 47
477
2
ehg-ehh 47
ejj-ehh 47
478
1
ehh-ehi 47
479
2
ehi-ehj 47
ejj-ehj 47
480
1
ehj-eia 47
481
2
eia-eib 47
ejj-eib 47
482
1
eib-eic 47
483
2
eic-eid 47
ejj-eid 47
484
1
eid-eie 47
485
2
eie-eif 47
ejj-eif 47
486
1
eif-eig 47
487
2
eig-eih 47
ejj-eih 47
488
1
eih-eii 47
489
2
eii-eij 47
ejj-eij 47
490
1
eij-eja 47
491
2
eja-ejb 47
ejj-ejb 47
492
1
ejb-ejc 47
493
2
ejc-ejd 47
ejj-ejd 47
494
1
ejd-eje 47
495
2
eje-ejf 47
ejj-ejf 47
496
1
ejf-ejg 47
497
2
ejg-ejh 47
ejj-ejh 47
498
1
ejh-eji 47
